app/build/outputs/logs/manifest-merger-release-report.txt
-- Merging decision tree log ---
manifest
ADDED from src\main\AndroidManifest.xml:2:1-126:12
	package
		ADDED from src\main\AndroidManifest.xml:3:5-45
		INJECTED from src\main\AndroidManifest.xml
		INJECTED from src\main\AndroidManifest.xml
	android:versionName
		INJECTED from src\main\AndroidManifest.xml
		INJECTED from src\main\AndroidManifest.xml
	xmlns:android
		ADDED from src\main\AndroidManifest.xml:2:11-69
	android:versionCode
		INJECTED from src\main\AndroidManifest.xml
		INJECTED from src\main\AndroidManifest.xml
uses-permission#android.permission.BLUETOOTH
ADDED from src\main\AndroidManifest.xml:5:5-68
	android:name
		ADDED from src\main\AndroidManifest.xml:5:22-65
uses-permission#android.permission.BLUETOOTH_ADMIN
ADDED from src\main\AndroidManifest.xml:6:5-74
	android:name
		ADDED from src\main\AndroidManifest.xml:6:22-71
uses-permission#android.permission.CALL_PHONE
ADDED from src\main\AndroidManifest.xml:11:5-69
	android:name
		ADDED from src\main\AndroidManifest.xml:11:22-66
uses-permission#android.permission.READ_PHONE_STATE
ADDED from src\main\AndroidManifest.xml:12:5-75
	android:name
		ADDED from src\main\AndroidManifest.xml:12:22-72
uses-permission#android.permission.READ_CONTACTS
ADDED from src\main\AndroidManifest.xml:13:5-71
	android:name
		ADDED from src\main\AndroidManifest.xml:13:22-69
uses-permission#android.permission.SEND_SMS
ADDED from src\main\AndroidManifest.xml:14:5-66
	android:name
		ADDED from src\main\AndroidManifest.xml:14:22-64
uses-permission#com.example.namsoo.s_riding_ui.permission.MAPS_RECEIVE
ADDED from src\main\AndroidManifest.xml:18:5-94
	android:name
		ADDED from src\main\AndroidManifest.xml:18:22-91
uses-permission#android.permission.INTERNET
ADDED from src\main\AndroidManifest.xml:21:5-67
MERGED from [com.google.android.gms:play-services-ads:8.1.0] AndroidManifest.xml:20:5-66
MERGED from [com.google.android.gms:play-services-analytics:8.1.0] AndroidManifest.xml:21:5-67
MERGED from [com.google.android.gms:play-services-ads:8.1.0] AndroidManifest.xml:20:5-66
MERGED from [com.google.android.gms:play-services-appinvite:8.1.0] AndroidManifest.xml:19:5-67
MERGED from [com.google.android.gms:play-services-maps:8.1.0] AndroidManifest.xml:21:5-66
MERGED from [com.google.android.gms:play-services-gcm:8.1.0] AndroidManifest.xml:22:5-67
MERGED from [com.google.android.gms:play-services-maps:8.1.0] AndroidManifest.xml:21:5-66
MERGED from [com.google.android.gms:play-services-maps:8.1.0] AndroidManifest.xml:21:5-66
MERGED from [com.google.android.gms:play-services-measurement:8.1.0] AndroidManifest.xml:21:5-67
MERGED from [com.google.android.gms:play-services-analytics:8.1.0] AndroidManifest.xml:21:5-67
MERGED from [com.google.android.gms:play-services-ads:8.1.0] AndroidManifest.xml:20:5-66
MERGED from [com.google.android.gms:play-services-wallet:8.1.0] AndroidManifest.xml:20:5-66
MERGED from [com.google.android.gms:play-services-maps:8.1.0] AndroidManifest.xml:21:5-66
	android:name
		ADDED from src\main\AndroidManifest.xml:21:22-64
uses-permission#android.permission.ACCESS_NETWORK_STATE
ADDED from src\main\AndroidManifest.xml:22:5-79
MERGED from [com.google.android.gms:play-services-ads:8.1.0] AndroidManifest.xml:21:5-78
MERGED from [com.google.android.gms:play-services-analytics:8.1.0] AndroidManifest.xml:22:5-79
MERGED from [com.google.android.gms:play-services-ads:8.1.0] AndroidManifest.xml:21:5-78
MERGED from [com.google.android.gms:play-services-maps:8.1.0] AndroidManifest.xml:20:5-78
MERGED from [com.google.android.gms:play-services-maps:8.1.0] AndroidManifest.xml:20:5-78
MERGED from [com.google.android.gms:play-services-maps:8.1.0] AndroidManifest.xml:20:5-78
MERGED from [com.google.android.gms:play-services-measurement:8.1.0] AndroidManifest.xml:22:5-79
MERGED from [com.google.android.gms:play-services-analytics:8.1.0] AndroidManifest.xml:22:5-79
MERGED from [com.google.android.gms:play-services-ads:8.1.0] AndroidManifest.xml:21:5-78
MERGED from [com.google.android.gms:play-services-nearby:8.1.0] AndroidManifest.xml:19:5-79
MERGED from [com.google.android.gms:play-services-maps:8.1.0] AndroidManifest.xml:20:5-78
	android:name
		ADDED from src\main\AndroidManifest.xml:22:22-76
uses-permission#com.google.android.providers.gsf.permission.READ_GSERVICES
ADDED from src\main\AndroidManifest.xml:23:5-98
	android:name
		ADDED from src\main\AndroidManifest.xml:23:22-95
uses-permission#android.permission.WRITE_EXTERNAL_STORAGE
ADDED from src\main\AndroidManifest.xml:26:5-81
MERGED from [com.google.android.gms:play-services-maps:8.1.0] AndroidManifest.xml:22:5-80
MERGED from [com.google.android.gms:play-services-maps:8.1.0] AndroidManifest.xml:22:5-80
MERGED from [com.google.android.gms:play-services-maps:8.1.0] AndroidManifest.xml:22:5-80
MERGED from [com.google.android.gms:play-services-maps:8.1.0] AndroidManifest.xml:22:5-80
	android:name
		ADDED from src\main\AndroidManifest.xml:26:22-78
uses-permission#android.permission.ACCESS_COARSE_LOCATION
ADDED from src\main\AndroidManifest.xml:27:5-81
	android:name
		ADDED from src\main\AndroidManifest.xml:27:22-78
uses-permission#android.permission.ACCESS_FINE_LOCATION
ADDED from src\main\AndroidManifest.xml:28:5-79
	android:name
		ADDED from src\main\AndroidManifest.xml:28:22-76
uses-permission#android.permission.ACCESS_GPS
ADDED from src\main\AndroidManifest.xml:29:5-69
	android:name
		ADDED from src\main\AndroidManifest.xml:29:22-66
uses-feature#android.hardware.usb.host
ADDED from src\main\AndroidManifest.xml:37:5-62
	android:name
		ADDED from src\main\AndroidManifest.xml:37:19-59
provider#com.facebook.FacebookContentProvider
ADDED from src\main\AndroidManifest.xml:40:5-43:35
	android:authorities
		ADDED from src\main\AndroidManifest.xml:42:9-86
	android:exported
		ADDED from src\main\AndroidManifest.xml:43:9-32
	android:name
		ADDED from src\main\AndroidManifest.xml:41:9-60
application
ADDED from src\main\AndroidManifest.xml:46:5-124:19
MERGED from [com.android.support:appcompat-v7:23.0.1] AndroidManifest.xml:22:5-20
MERGED from [com.android.support:support-v4:23.0.1] AndroidManifest.xml:22:5-20
MERGED from [com.android.support:design:23.0.1] AndroidManifest.xml:22:5-20
MERGED from [com.android.support:support-v4:23.0.1] AndroidManifest.xml:22:5-20
MERGED from [com.android.support:appcompat-v7:23.0.1] AndroidManifest.xml:22:5-20
MERGED from [com.android.support:support-v4:23.0.1] AndroidManifest.xml:22:5-20
MERGED from [com.pnikosis:materialish-progress:1.7] AndroidManifest.xml:11:5-20
MERGED from [com.getbase:floatingactionbutton:1.10.0] AndroidManifest.xml:12:5-20
MERGED from [com.facebook.android:facebook-android-sdk:4.7.0] AndroidManifest.xml:28:5-20
MERGED from [com.android.support:support-v4:23.0.1] AndroidManifest.xml:22:5-20
MERGED from [com.google.android.gms:play-services:8.1.0] AndroidManifest.xml:19:5-20
MERGED from [com.google.android.gms:play-services-ads:8.1.0] AndroidManifest.xml:24:5-32:19
MERGED from [com.google.android.gms:play-services-basement:8.1.0] AndroidManifest.xml:20:5-24:19
MERGED from [com.android.support:support-v4:23.0.1] AndroidManifest.xml:22:5-20
MERGED from [com.google.android.gms:play-services-appindexing:8.1.0] AndroidManifest.xml:19:5-20
MERGED from [com.google.android.gms:play-services-basement:8.1.0] AndroidManifest.xml:20:5-24:19
MERGED from [com.android.support:support-v4:23.0.1] AndroidManifest.xml:22:5-20
MERGED from [com.google.android.gms:play-services-analytics:8.1.0] AndroidManifest.xml:24:5-20
MERGED from [com.google.android.gms:play-services-basement:8.1.0] AndroidManifest.xml:20:5-24:19
MERGED from [com.android.support:support-v4:23.0.1] AndroidManifest.xml:22:5-20
MERGED from [com.google.android.gms:play-services-ads:8.1.0] AndroidManifest.xml:24:5-32:19
MERGED from [com.google.android.gms:play-services-basement:8.1.0] AndroidManifest.xml:20:5-24:19
MERGED from [com.android.support:support-v4:23.0.1] AndroidManifest.xml:22:5-20
MERGED from [com.google.android.gms:play-services-appindexing:8.1.0] AndroidManifest.xml:19:5-20
MERGED from [com.google.android.gms:play-services-basement:8.1.0] AndroidManifest.xml:20:5-24:19
MERGED from [com.android.support:support-v4:23.0.1] AndroidManifest.xml:22:5-20
MERGED from [com.google.android.gms:play-services-appindexing:8.1.0] AndroidManifest.xml:19:5-20
MERGED from [com.google.android.gms:play-services-basement:8.1.0] AndroidManifest.xml:20:5-24:19
MERGED from [com.android.support:support-v4:23.0.1] AndroidManifest.xml:22:5-20
MERGED from [com.google.android.gms:play-services-appinvite:8.1.0] AndroidManifest.xml:20:5-20
MERGED from [com.google.android.gms:play-services-basement:8.1.0] AndroidManifest.xml:20:5-24:19
MERGED from [com.android.support:support-v4:23.0.1] AndroidManifest.xml:22:5-20
MERGED from [com.google.android.gms:play-services-appstate:8.1.0] AndroidManifest.xml:19:5-20
MERGED from [com.google.android.gms:play-services-basement:8.1.0] AndroidManifest.xml:20:5-24:19
MERGED from [com.android.support:support-v4:23.0.1] AndroidManifest.xml:22:5-20
MERGED from [com.google.android.gms:play-services-basement:8.1.0] AndroidManifest.xml:20:5-24:19
MERGED from [com.android.support:support-v4:23.0.1] AndroidManifest.xml:22:5-20
MERGED from [com.google.android.gms:play-services-basement:8.1.0] AndroidManifest.xml:20:5-24:19
MERGED from [com.android.support:support-v4:23.0.1] AndroidManifest.xml:22:5-20
MERGED from [com.google.android.gms:play-services-cast:8.1.0] AndroidManifest.xml:19:5-20
MERGED from [com.google.android.gms:play-services-basement:8.1.0] AndroidManifest.xml:20:5-24:19
MERGED from [com.android.support:support-v4:23.0.1] AndroidManifest.xml:22:5-20
MERGED from [com.android.support:mediarouter-v7:22.2.0] AndroidManifest.xml:22:5-20
MERGED from [com.android.support:appcompat-v7:23.0.1] AndroidManifest.xml:22:5-20
MERGED from [com.android.support:support-v4:23.0.1] AndroidManifest.xml:22:5-20
MERGED from [com.google.android.gms:play-services-drive:8.1.0] AndroidManifest.xml:19:5-20
MERGED from [com.google.android.gms:play-services-basement:8.1.0] AndroidManifest.xml:20:5-24:19
MERGED from [com.android.support:support-v4:23.0.1] AndroidManifest.xml:22:5-20
MERGED from [com.google.android.gms:play-services-fitness:8.1.0] AndroidManifest.xml:19:5-20
MERGED from [com.google.android.gms:play-services-basement:8.1.0] AndroidManifest.xml:20:5-24:19
MERGED from [com.android.support:support-v4:23.0.1] AndroidManifest.xml:22:5-20
MERGED from [com.google.android.gms:play-services-location:8.1.0] AndroidManifest.xml:19:5-20
MERGED from [com.google.android.gms:play-services-basement:8.1.0] AndroidManifest.xml:20:5-24:19
MERGED from [com.android.support:support-v4:23.0.1] AndroidManifest.xml:22:5-20
MERGED from [com.google.android.gms:play-services-maps:8.1.0] AndroidManifest.xml:28:5-20
MERGED from [com.google.android.gms:play-services-basement:8.1.0] AndroidManifest.xml:20:5-24:19
MERGED from [com.android.support:support-v4:23.0.1] AndroidManifest.xml:22:5-20
MERGED from [com.google.android.gms:play-services-games:8.1.0] AndroidManifest.xml:19:5-20
MERGED from [com.google.android.gms:play-services-basement:8.1.0] AndroidManifest.xml:20:5-24:19
MERGED from [com.android.support:support-v4:23.0.1] AndroidManifest.xml:22:5-20
MERGED from [com.google.android.gms:play-services-drive:8.1.0] AndroidManifest.xml:19:5-20
MERGED from [com.google.android.gms:play-services-basement:8.1.0] AndroidManifest.xml:20:5-24:19
MERGED from [com.android.support:support-v4:23.0.1] AndroidManifest.xml:22:5-20
MERGED from [com.google.android.gms:play-services-gcm:8.1.0] AndroidManifest.xml:24:5-20
MERGED from [com.google.android.gms:play-services-basement:8.1.0] AndroidManifest.xml:20:5-24:19
MERGED from [com.android.support:support-v4:23.0.1] AndroidManifest.xml:22:5-20
MERGED from [com.google.android.gms:play-services-identity:8.1.0] AndroidManifest.xml:19:5-20
MERGED from [com.google.android.gms:play-services-basement:8.1.0] AndroidManifest.xml:20:5-24:19
MERGED from [com.android.support:support-v4:23.0.1] AndroidManifest.xml:22:5-20
MERGED from [com.google.android.gms:play-services-location:8.1.0] AndroidManifest.xml:19:5-20
MERGED from [com.google.android.gms:play-services-basement:8.1.0] AndroidManifest.xml:20:5-24:19
MERGED from [com.android.support:support-v4:23.0.1] AndroidManifest.xml:22:5-20
MERGED from [com.google.android.gms:play-services-maps:8.1.0] AndroidManifest.xml:28:5-20
MERGED from [com.google.android.gms:play-services-basement:8.1.0] AndroidManifest.xml:20:5-24:19
MERGED from [com.android.support:support-v4:23.0.1] AndroidManifest.xml:22:5-20
MERGED from [com.google.android.gms:play-services-maps:8.1.0] AndroidManifest.xml:28:5-20
MERGED from [com.google.android.gms:play-services-basement:8.1.0] AndroidManifest.xml:20:5-24:19
MERGED from [com.android.support:support-v4:23.0.1] AndroidManifest.xml:22:5-20
MERGED from [com.google.android.gms:play-services-measurement:8.1.0] AndroidManifest.xml:26:5-46:19
MERGED from [com.google.android.gms:play-services-basement:8.1.0] AndroidManifest.xml:20:5-24:19
MERGED from [com.android.support:support-v4:23.0.1] AndroidManifest.xml:22:5-20
MERGED from [com.google.android.gms:play-services-analytics:8.1.0] AndroidManifest.xml:24:5-20
MERGED from [com.google.android.gms:play-services-basement:8.1.0] AndroidManifest.xml:20:5-24:19
MERGED from [com.android.support:support-v4:23.0.1] AndroidManifest.xml:22:5-20
MERGED from [com.google.android.gms:play-services-ads:8.1.0] AndroidManifest.xml:24:5-32:19
MERGED from [com.google.android.gms:play-services-basement:8.1.0] AndroidManifest.xml:20:5-24:19
MERGED from [com.android.support:support-v4:23.0.1] AndroidManifest.xml:22:5-20
MERGED from [com.google.android.gms:play-services-appindexing:8.1.0] AndroidManifest.xml:19:5-20
MERGED from [com.google.android.gms:play-services-basement:8.1.0] AndroidManifest.xml:20:5-24:19
MERGED from [com.android.support:support-v4:23.0.1] AndroidManifest.xml:22:5-20
MERGED from [com.google.android.gms:play-services-nearby:8.1.0] AndroidManifest.xml:20:5-20
MERGED from [com.google.android.gms:play-services-basement:8.1.0] AndroidManifest.xml:20:5-24:19
MERGED from [com.android.support:support-v4:23.0.1] AndroidManifest.xml:22:5-20
MERGED from [com.google.android.gms:play-services-panorama:8.1.0] AndroidManifest.xml:19:5-20
MERGED from [com.google.android.gms:play-services-basement:8.1.0] AndroidManifest.xml:20:5-24:19
MERGED from [com.android.support:support-v4:23.0.1] AndroidManifest.xml:22:5-20
MERGED from [com.google.android.gms:play-services-plus:8.1.0] AndroidManifest.xml:19:5-20
MERGED from [com.google.android.gms:play-services-basement:8.1.0] AndroidManifest.xml:20:5-24:19
MERGED from [com.android.support:support-v4:23.0.1] AndroidManifest.xml:22:5-20
MERGED from [com.google.android.gms:play-services-safetynet:8.1.0] AndroidManifest.xml:19:5-20
MERGED from [com.google.android.gms:play-services-basement:8.1.0] AndroidManifest.xml:20:5-24:19
MERGED from [com.android.support:support-v4:23.0.1] AndroidManifest.xml:22:5-20
MERGED from [com.google.android.gms:play-services-vision:8.1.0] AndroidManifest.xml:5:5-20
MERGED from [com.google.android.gms:play-services-basement:8.1.0] AndroidManifest.xml:20:5-24:19
MERGED from [com.android.support:support-v4:23.0.1] AndroidManifest.xml:22:5-20
MERGED from [com.google.android.gms:play-services-basement:8.1.0] AndroidManifest.xml:20:5-24:19
MERGED from [com.android.support:support-v4:23.0.1] AndroidManifest.xml:22:5-20
MERGED from [com.google.android.gms:play-services-identity:8.1.0] AndroidManifest.xml:19:5-20
MERGED from [com.google.android.gms:play-services-basement:8.1.0] AndroidManifest.xml:20:5-24:19
MERGED from [com.android.support:support-v4:23.0.1] AndroidManifest.xml:22:5-20
MERGED from [com.google.android.gms:play-services-maps:8.1.0] AndroidManifest.xml:28:5-20
MERGED from [com.google.android.gms:play-services-basement:8.1.0] AndroidManifest.xml:20:5-24:19
MERGED from [com.android.support:support-v4:23.0.1] AndroidManifest.xml:22:5-20
MERGED from [com.google.android.gms:play-services-wearable:8.1.0] AndroidManifest.xml:19:5-20
MERGED from [com.google.android.gms:play-services-basement:8.1.0] AndroidManifest.xml:20:5-24:19
MERGED from [com.android.support:support-v4:23.0.1] AndroidManifest.xml:22:5-20
	android:label
		ADDED from src\main\AndroidManifest.xml:50:9-41
	android:supportsRtl
		ADDED from src\main\AndroidManifest.xml:52:9-35
	android:allowBackup
		ADDED from src\main\AndroidManifest.xml:48:9-35
	android:icon
		ADDED from src\main\AndroidManifest.xml:49:9-38
	android:largeHeap
		ADDED from src\main\AndroidManifest.xml:51:9-33
	android:theme
		ADDED from src\main\AndroidManifest.xml:53:9-40
	android:name
		ADDED from src\main\AndroidManifest.xml:47:9-38
meta-data#com.facebook.sdk.ApplicationId
ADDED from src\main\AndroidManifest.xml:56:9-58:55
	android:value
		ADDED from src\main\AndroidManifest.xml:58:13-52
	android:name
		ADDED from src\main\AndroidManifest.xml:57:13-58
meta-data#com.google.android.maps.v2.API_KEY
ADDED from src\main\AndroidManifest.xml:60:9-62:71
	android:value
		ADDED from src\main\AndroidManifest.xml:62:13-68
	android:name
		ADDED from src\main\AndroidManifest.xml:61:13-62
activity#com.example.namsoo.s_riding_ui.MainActivity
ADDED from src\main\AndroidManifest.xml:75:9-85:20
	android:label
		ADDED from src\main\AndroidManifest.xml:77:13-45
	android:theme
		ADDED from src\main\AndroidManifest.xml:78:13-56
	android:name
		ADDED from src\main\AndroidManifest.xml:76:13-41
intent-filter#android.intent.action.MAIN+android.intent.category.LAUNCHER
ADDED from src\main\AndroidManifest.xml:80:13-84:29
action#android.intent.action.MAIN
ADDED from src\main\AndroidManifest.xml:81:17-69
	android:name
		ADDED from src\main\AndroidManifest.xml:81:25-66
category#android.intent.category.LAUNCHER
ADDED from src\main\AndroidManifest.xml:83:17-77
	android:name
		ADDED from src\main\AndroidManifest.xml:83:27-74
activity#com.example.namsoo.s_riding_ui.fragment_menu.Record2Fragment
ADDED from src\main\AndroidManifest.xml:90:9-67
	android:name
		ADDED from src\main\AndroidManifest.xml:90:19-64
activity#com.example.namsoo.s_riding_ui.RecordFragment_menu.MainRecordActivity
ADDED from src\main\AndroidManifest.xml:91:9-76
	android:name
		ADDED from src\main\AndroidManifest.xml:91:19-73
activity#com.facebook.FacebookActivity
ADDED from src\main\AndroidManifest.xml:94:9-98:75
	android:label
		ADDED from src\main\AndroidManifest.xml:97:13-45
	android:configChanges
		ADDED from src\main\AndroidManifest.xml:96:13-96
	android:theme
		ADDED from src\main\AndroidManifest.xml:98:13-72
	android:name
		ADDED from src\main\AndroidManifest.xml:95:13-57
activity#com.example.namsoo.s_riding_ui.usbserial.DeviceListActivity
ADDED from src\main\AndroidManifest.xml:103:9-111:20
	android:name
		ADDED from src\main\AndroidManifest.xml:103:19-63
intent-filter#android.hardware.usb.action.USB_DEVICE_ATTACHED
ADDED from src\main\AndroidManifest.xml:104:13-106:29
action#android.hardware.usb.action.USB_DEVICE_ATTACHED
ADDED from src\main\AndroidManifest.xml:105:17-90
	android:name
		ADDED from src\main\AndroidManifest.xml:105:25-87
meta-data#android.hardware.usb.action.USB_DEVICE_ATTACHED
ADDED from src\main\AndroidManifest.xml:107:13-109:57
	android:resource
		ADDED from src\main\AndroidManifest.xml:109:17-54
	android:name
		ADDED from src\main\AndroidManifest.xml:108:17-79
receiver#com.example.namsoo.s_riding_ui.reject_call.IncomingCallReceiver
ADDED from src\main\AndroidManifest.xml:114:9-119:20
	android:name
		ADDED from src\main\AndroidManifest.xml:114:19-67
intent-filter#android.intent.action.PHONE_STATE
ADDED from src\main\AndroidManifest.xml:115:13-118:29
	android:priority
		ADDED from src\main\AndroidManifest.xml:115:28-50
action#android.intent.action.PHONE_STATE
ADDED from src\main\AndroidManifest.xml:116:17-76
	android:name
		ADDED from src\main\AndroidManifest.xml:116:25-73
activity#com.example.namsoo.s_riding_ui.FacebookLoginActivity
ADDED from src\main\AndroidManifest.xml:121:9-68
	android:name
		ADDED from src\main\AndroidManifest.xml:121:19-56
uses-sdk
INJECTED from src\main\AndroidManifest.xml reason: use-sdk injection requested
MERGED from [com.android.support:appcompat-v7:23.0.1] AndroidManifest.xml:20:5-43
MERGED from [com.android.support:support-v4:23.0.1] AndroidManifest.xml:20:5-43
MERGED from [com.android.support:design:23.0.1] AndroidManifest.xml:20:5-43
MERGED from [com.android.support:support-v4:23.0.1] AndroidManifest.xml:20:5-43
MERGED from [com.android.support:appcompat-v7:23.0.1] AndroidManifest.xml:20:5-43
MERGED from [com.android.support:support-v4:23.0.1] AndroidManifest.xml:20:5-43
MERGED from [com.pnikosis:materialish-progress:1.7] AndroidManifest.xml:7:5-9:41
MERGED from [com.getbase:floatingactionbutton:1.10.0] AndroidManifest.xml:8:5-10:41
MERGED from [com.facebook.android:facebook-android-sdk:4.7.0] AndroidManifest.xml:24:5-26:41
MERGED from [com.android.support:support-v4:23.0.1] AndroidManifest.xml:20:5-43
MERGED from [com.google.android.gms:play-services:8.1.0] AndroidManifest.xml:18:5-42
MERGED from [com.google.android.gms:play-services-ads:8.1.0] AndroidManifest.xml:23:5-42
MERGED from [com.google.android.gms:play-services-basement:8.1.0] AndroidManifest.xml:18:5-42
MERGED from [com.android.support:support-v4:23.0.1] AndroidManifest.xml:20:5-43
MERGED from [com.google.android.gms:play-services-appindexing:8.1.0] AndroidManifest.xml:18:5-42
MERGED from [com.google.android.gms:play-services-basement:8.1.0] AndroidManifest.xml:18:5-42
MERGED from [com.android.support:support-v4:23.0.1] AndroidManifest.xml:20:5-43
MERGED from [com.google.android.gms:play-services-analytics:8.1.0] AndroidManifest.xml:18:5-42
MERGED from [com.google.android.gms:play-services-basement:8.1.0] AndroidManifest.xml:18:5-42
MERGED from [com.android.support:support-v4:23.0.1] AndroidManifest.xml:20:5-43
MERGED from [com.google.android.gms:play-services-ads:8.1.0] AndroidManifest.xml:23:5-42
MERGED from [com.google.android.gms:play-services-basement:8.1.0] AndroidManifest.xml:18:5-42
MERGED from [com.android.support:support-v4:23.0.1] AndroidManifest.xml:20:5-43
MERGED from [com.google.android.gms:play-services-appindexing:8.1.0] AndroidManifest.xml:18:5-42
MERGED from [com.google.android.gms:play-services-basement:8.1.0] AndroidManifest.xml:18:5-42
MERGED from [com.android.support:support-v4:23.0.1] AndroidManifest.xml:20:5-43
MERGED from [com.google.android.gms:play-services-appindexing:8.1.0] AndroidManifest.xml:18:5-42
MERGED from [com.google.android.gms:play-services-basement:8.1.0] AndroidManifest.xml:18:5-42
MERGED from [com.android.support:support-v4:23.0.1] AndroidManifest.xml:20:5-43
MERGED from [com.google.android.gms:play-services-appinvite:8.1.0] AndroidManifest.xml:18:5-42
MERGED from [com.google.android.gms:play-services-base:8.1.0] AndroidManifest.xml:18:5-42
MERGED from [com.google.android.gms:play-services-basement:8.1.0] AndroidManifest.xml:18:5-42
MERGED from [com.android.support:support-v4:23.0.1] AndroidManifest.xml:20:5-43
MERGED from [com.google.android.gms:play-services-appstate:8.1.0] AndroidManifest.xml:18:5-42
MERGED from [com.google.android.gms:play-services-base:8.1.0] AndroidManifest.xml:18:5-42
MERGED from [com.google.android.gms:play-services-basement:8.1.0] AndroidManifest.xml:18:5-42
MERGED from [com.android.support:support-v4:23.0.1] AndroidManifest.xml:20:5-43
MERGED from [com.google.android.gms:play-services-base:8.1.0] AndroidManifest.xml:18:5-42
MERGED from [com.google.android.gms:play-services-basement:8.1.0] AndroidManifest.xml:18:5-42
MERGED from [com.android.support:support-v4:23.0.1] AndroidManifest.xml:20:5-43
MERGED from [com.google.android.gms:play-services-basement:8.1.0] AndroidManifest.xml:18:5-42
MERGED from [com.android.support:support-v4:23.0.1] AndroidManifest.xml:20:5-43
MERGED from [com.google.android.gms:play-services-cast:8.1.0] AndroidManifest.xml:18:5-42
MERGED from [com.google.android.gms:play-services-base:8.1.0] AndroidManifest.xml:18:5-42
MERGED from [com.google.android.gms:play-services-basement:8.1.0] AndroidManifest.xml:18:5-42
MERGED from [com.android.support:support-v4:23.0.1] AndroidManifest.xml:20:5-43
MERGED from [com.android.support:mediarouter-v7:22.2.0] AndroidManifest.xml:20:5-43
MERGED from [com.android.support:appcompat-v7:23.0.1] AndroidManifest.xml:20:5-43
MERGED from [com.android.support:support-v4:23.0.1] AndroidManifest.xml:20:5-43
MERGED from [com.google.android.gms:play-services-drive:8.1.0] AndroidManifest.xml:18:5-42
MERGED from [com.google.android.gms:play-services-base:8.1.0] AndroidManifest.xml:18:5-42
MERGED from [com.google.android.gms:play-services-basement:8.1.0] AndroidManifest.xml:18:5-42
MERGED from [com.android.support:support-v4:23.0.1] AndroidManifest.xml:20:5-43
MERGED from [com.google.android.gms:play-services-fitness:8.1.0] AndroidManifest.xml:18:5-42
MERGED from [com.google.android.gms:play-services-base:8.1.0] AndroidManifest.xml:18:5-42
MERGED from [com.google.android.gms:play-services-basement:8.1.0] AndroidManifest.xml:18:5-42
MERGED from [com.android.support:support-v4:23.0.1] AndroidManifest.xml:20:5-43
MERGED from [com.google.android.gms:play-services-location:8.1.0] AndroidManifest.xml:18:5-42
MERGED from [com.google.android.gms:play-services-base:8.1.0] AndroidManifest.xml:18:5-42
MERGED from [com.google.android.gms:play-services-basement:8.1.0] AndroidManifest.xml:18:5-42
MERGED from [com.android.support:support-v4:23.0.1] AndroidManifest.xml:20:5-43
MERGED from [com.google.android.gms:play-services-maps:8.1.0] AndroidManifest.xml:27:5-42
MERGED from [com.google.android.gms:play-services-base:8.1.0] AndroidManifest.xml:18:5-42
MERGED from [com.google.android.gms:play-services-basement:8.1.0] AndroidManifest.xml:18:5-42
MERGED from [com.android.support:support-v4:23.0.1] AndroidManifest.xml:20:5-43
MERGED from [com.google.android.gms:play-services-games:8.1.0] AndroidManifest.xml:18:5-42
MERGED from [com.google.android.gms:play-services-base:8.1.0] AndroidManifest.xml:18:5-42
MERGED from [com.google.android.gms:play-services-basement:8.1.0] AndroidManifest.xml:18:5-42
MERGED from [com.android.support:support-v4:23.0.1] AndroidManifest.xml:20:5-43
MERGED from [com.google.android.gms:play-services-drive:8.1.0] AndroidManifest.xml:18:5-42
MERGED from [com.google.android.gms:play-services-base:8.1.0] AndroidManifest.xml:18:5-42
MERGED from [com.google.android.gms:play-services-basement:8.1.0] AndroidManifest.xml:18:5-42
MERGED from [com.android.support:support-v4:23.0.1] AndroidManifest.xml:20:5-43
MERGED from [com.google.android.gms:play-services-gcm:8.1.0] AndroidManifest.xml:18:5-42
MERGED from [com.google.android.gms:play-services-base:8.1.0] AndroidManifest.xml:18:5-42
MERGED from [com.google.android.gms:play-services-basement:8.1.0] AndroidManifest.xml:18:5-42
MERGED from [com.android.support:support-v4:23.0.1] AndroidManifest.xml:20:5-43
MERGED from [com.google.android.gms:play-services-identity:8.1.0] AndroidManifest.xml:18:5-42
MERGED from [com.google.android.gms:play-services-base:8.1.0] AndroidManifest.xml:18:5-42
MERGED from [com.google.android.gms:play-services-basement:8.1.0] AndroidManifest.xml:18:5-42
MERGED from [com.android.support:support-v4:23.0.1] AndroidManifest.xml:20:5-43
MERGED from [com.google.android.gms:play-services-location:8.1.0] AndroidManifest.xml:18:5-42
MERGED from [com.google.android.gms:play-services-base:8.1.0] AndroidManifest.xml:18:5-42
MERGED from [com.google.android.gms:play-services-basement:8.1.0] AndroidManifest.xml:18:5-42
MERGED from [com.android.support:support-v4:23.0.1] AndroidManifest.xml:20:5-43
MERGED from [com.google.android.gms:play-services-maps:8.1.0] AndroidManifest.xml:27:5-42
MERGED from [com.google.android.gms:play-services-base:8.1.0] AndroidManifest.xml:18:5-42
MERGED from [com.google.android.gms:play-services-basement:8.1.0] AndroidManifest.xml:18:5-42
MERGED from [com.android.support:support-v4:23.0.1] AndroidManifest.xml:20:5-43
MERGED from [com.google.android.gms:play-services-maps:8.1.0] AndroidManifest.xml:27:5-42
MERGED from [com.google.android.gms:play-services-base:8.1.0] AndroidManifest.xml:18:5-42
MERGED from [com.google.android.gms:play-services-basement:8.1.0] AndroidManifest.xml:18:5-42
MERGED from [com.android.support:support-v4:23.0.1] AndroidManifest.xml:20:5-43
MERGED from [com.google.android.gms:play-services-measurement:8.1.0] AndroidManifest.xml:18:5-42
MERGED from [com.google.android.gms:play-services-base:8.1.0] AndroidManifest.xml:18:5-42
MERGED from [com.google.android.gms:play-services-basement:8.1.0] AndroidManifest.xml:18:5-42
MERGED from [com.android.support:support-v4:23.0.1] AndroidManifest.xml:20:5-43
MERGED from [com.google.android.gms:play-services-analytics:8.1.0] AndroidManifest.xml:18:5-42
MERGED from [com.google.android.gms:play-services-basement:8.1.0] AndroidManifest.xml:18:5-42
MERGED from [com.android.support:support-v4:23.0.1] AndroidManifest.xml:20:5-43
MERGED from [com.google.android.gms:play-services-ads:8.1.0] AndroidManifest.xml:23:5-42
MERGED from [com.google.android.gms:play-services-basement:8.1.0] AndroidManifest.xml:18:5-42
MERGED from [com.android.support:support-v4:23.0.1] AndroidManifest.xml:20:5-43
MERGED from [com.google.android.gms:play-services-appindexing:8.1.0] AndroidManifest.xml:18:5-42
MERGED from [com.google.android.gms:play-services-basement:8.1.0] AndroidManifest.xml:18:5-42
MERGED from [com.android.support:support-v4:23.0.1] AndroidManifest.xml:20:5-43
MERGED from [com.google.android.gms:play-services-nearby:8.1.0] AndroidManifest.xml:18:5-42
MERGED from [com.google.android.gms:play-services-base:8.1.0] AndroidManifest.xml:18:5-42
MERGED from [com.google.android.gms:play-services-basement:8.1.0] AndroidManifest.xml:18:5-42
MERGED from [com.android.support:support-v4:23.0.1] AndroidManifest.xml:20:5-43
MERGED from [com.google.android.gms:play-services-panorama:8.1.0] AndroidManifest.xml:18:5-42